[0;32m[+][0m Logging to: /home/user/git/USB-Dongle-OpenStick/flash/../logs/flash_20260414_124921.log
[0;32m[+][0m Identifying dongle hardware...
Capstone library is missing (optional).
Keystone library is missing (optional).
Qualcomm Sahara / Firehose Client V3.62 (c) B.Kerler 2018-2025.
main - Trying with no loader given ...
main - Waiting for the device
main - Device detected :)
main - Mode detected: firehose
firehose
firehose - [LIB]: [31mHost's payload to target size is too large[0m
firehose
firehose - [LIB]: [31mlogbuf@0x0801BDA8 fh@0x08018C10[0m
firehose
firehose - [LIB]: [31mSector size in XML 4096 does not match disk sector size 512[0m

Parsing Lun 0:

GPT Table:
-------------
cdt:                 Offset 0x0000000004000000, Length 0x0000000000000800, Flags 0x0000000000000000, UUID 18285060-b8c8-7cf7-2328-fd5dd2956b88, Type 0xa19f205f, Active False
sbl1:                Offset 0x0000000004000800, Length 0x0000000000080000, Flags 0x0000000000000000, UUID 534641ab-51f1-f296-79cf-26e9c92e9002, Type 0xdea0ba2c, Active False
rpm:                 Offset 0x0000000004080800, Length 0x0000000000080000, Flags 0x0000000000000000, UUID 4cd3470f-02ef-5e92-f4c4-14bb5251e8f1, Type 0x98df793, Active False
tz:                  Offset 0x0000000004100800, Length 0x0000000000100000, Flags 0x0000000000000000, UUID 0929ef2f-5cbe-b222-ff9a-64578c4e1feb, Type 0xa053aa7f, Active False
hyp:                 Offset 0x0000000004200800, Length 0x0000000000080000, Flags 0x0000000000000000, UUID bf2ea2b6-9f32-b528-bb99-c856cd988976, Type 0xe1a6a689, Active False
sec:                 Offset 0x0000000004280800, Length 0x0000000000004000, Flags 0x0000000000000000, UUID db68eec7-4c13-bc28-20f7-2241bb41d057, Type 0x303e6ac3, Active False
modemst1:            Offset 0x0000000004284800, Length 0x0000000000200000, Flags 0x0000000000000000, UUID f4c8387d-6628-200b-cc82-16025907d272, Type 0xebbeadaf, Active False
modemst2:            Offset 0x0000000004484800, Length 0x0000000000200000, Flags 0x0000000000000000, UUID 45ba3e2a-d277-68a3-114a-748d8ef623af, Type 0xa288b1f, Active False
fsc:                 Offset 0x0000000004684800, Length 0x0000000000000400, Flags 0x0000000000000000, UUID 28fa1c81-5b9f-3a57-0b29-e8ca46eb0055, Type 0x57b90a16, Active False
fsg:                 Offset 0x0000000004684c00, Length 0x0000000000200000, Flags 0x0000000000000000, UUID 0d6c74b1-89bd-841e-2e4b-b7b23246967b, Type 0x638ff8e2, Active False
aboot:               Offset 0x0000000004884c00, Length 0x0000000000100000, Flags 0x0000000000000000, UUID 2432ce91-198e-589b-6c5d-1e2953615a38, Type 0x400ffdcd, Active False
boot:                Offset 0x0000000004984c00, Length 0x0000000004000000, Flags 0x0000000000000000, UUID 80780b1d-0fe1-27d3-e423-9244e62f8c46, Type 0x20117f86, Active False
rootfs:              Offset 0x0000000008984c00, Length 0x00000000e3677200, Flags 0x0000000000000000, UUID a7ab80e8-e9d1-e8cd-57f1-93f69b1d141e, Type 0x97d7b011, Active False

Total disk size:0x00000000ec000000, sectors:0x0000000000760000
[1;33m[!][0m   Could not detect platform from EDL info
[0;32m[+][0m Reading modem calibration from device (IMEI, RF cal)...
[0;32m[+][0m   Reading sec...
[0;32m[+][0m   Saved sec (16K)
[0;32m[+][0m   Reading fsc...
[0;32m[+][0m   Saved fsc (4.0K)
[0;32m[+][0m   Reading fsg...
[0;32m[+][0m   Saved fsg (2.0M)
[0;32m[+][0m   Reading modemst1...
[0;32m[+][0m   Saved modemst1 (2.0M)
[0;32m[+][0m   Reading modemst2...
[0;32m[+][0m   Saved modemst2 (2.0M)
[0;32m[+][0m Auto-backup complete: /home/user/git/USB-Dongle-OpenStick/flash/../backup/autosave_20260414_124928 (5/5 partitions)
[0;32m[+][0m Backing up original boot partitions (for rollback)...
[0;32m[+][0m   Reading sbl1...
[0;32m[+][0m   Saved sbl1 (512K)
[0;32m[+][0m   Reading rpm...
[0;32m[+][0m   Saved rpm (512K)
[0;32m[+][0m   Reading tz...
[0;32m[+][0m   Saved tz (1.0M)
[0;32m[+][0m   Reading hyp...
[0;32m[+][0m   Saved hyp (512K)
[0;32m[+][0m   Reading cdt...
[0;32m[+][0m   Saved cdt (4.0K)
[0;32m[+][0m   Reading aboot...
[0;32m[+][0m   Saved aboot (1.0M)
[0;32m[+][0m   Reading boot...
[0;32m[+][0m   Saved boot (64M)
[0;32m[+][0m   Reading rootfs...
[1;33m[!][0m   Failed to read rootfs
[1;33m[!][0m Some boot partitions could not be backed up.
[1;33m[!][0m Rollback may not be possible if the new image doesn't boot.

[1;33m[!][0m Continue anyway? [y/N] 
[0;32m[+][0m Backup secured. Proceeding with flash...

[0;32m[+][0m Reading disk size...
[1;33m[!][0m Could not read disk size — using fallback GPT sector 7733215
[1;33m[!][0m This may not work if the eMMC size differs from the original dongle.
[0;32m[+][0m Writing primary GPT (sector 0)...
Capstone library is missing (optional).
Keystone library is missing (optional).
Qualcomm Sahara / Firehose Client V3.62 (c) B.Kerler 2018-2025.
main - Trying with no loader given ...
main - Waiting for the device
main - Device detected :)
DeviceClass
DeviceClass - [LIB]: [31mUSB Overflow[0m
main - Mode detected: error
Connection detected, quiting.
[0;32m[+][0m Writing backup GPT (sector 7733215)...
Capstone library is missing (optional).
Keystone library is missing (optional).
Qualcomm Sahara / Firehose Client V3.62 (c) B.Kerler 2018-2025.
main - Trying with no loader given ...
main - Waiting for the device
main - Device detected :)
DeviceClass
DeviceClass - [LIB]: [31mUSB Overflow[0m
main - Mode detected: error
Connection detected, quiting.
[0;32m[+][0m Flashing Dragonboard firmware...
Capstone library is missing (optional).
Keystone library is missing (optional).
Qualcomm Sahara / Firehose Client V3.62 (c) B.Kerler 2018-2025.
main - Trying with no loader given ...
main - Waiting for the device
main - Device detected :)
DeviceClass
DeviceClass - [LIB]: [31mUSB Overflow[0m
main - Mode detected: error
Connection detected, quiting.
Capstone library is missing (optional).
Keystone library is missing (optional).
Qualcomm Sahara / Firehose Client V3.62 (c) B.Kerler 2018-2025.
main - Trying with no loader given ...
main - Waiting for the device
main - Device detected :)
DeviceClass
DeviceClass - [LIB]: [31mUSB Overflow[0m
main - Mode detected: error
Connection detected, quiting.
Capstone library is missing (optional).
Keystone library is missing (optional).
Qualcomm Sahara / Firehose Client V3.62 (c) B.Kerler 2018-2025.
main - Trying with no loader given ...
main - Waiting for the device
main - Device detected :)
DeviceClass
DeviceClass - [LIB]: [31mUSB Overflow[0m
main - Mode detected: error
Connection detected, quiting.
Capstone library is missing (optional).
Keystone library is missing (optional).
Qualcomm Sahara / Firehose Client V3.62 (c) B.Kerler 2018-2025.
main - Trying with no loader given ...
main - Waiting for the device
main - Device detected :)
DeviceClass
DeviceClass - [LIB]: [31mUSB Overflow[0m
main - Mode detected: error
Connection detected, quiting.
Capstone library is missing (optional).
Keystone library is missing (optional).
Qualcomm Sahara / Firehose Client V3.62 (c) B.Kerler 2018-2025.
main - Trying with no loader given ...
main - Waiting for the device
main - Device detected :)
DeviceClass
DeviceClass - [LIB]: [31mUSB Overflow[0m
main - Mode detected: error
Connection detected, quiting.
Capstone library is missing (optional).
Keystone library is missing (optional).
Qualcomm Sahara / Firehose Client V3.62 (c) B.Kerler 2018-2025.
main - Trying with no loader given ...
main - Waiting for the device
main - Device detected :)
DeviceClass
DeviceClass - [LIB]: [31mUSB Overflow[0m
main - Mode detected: error
Connection detected, quiting.
[0;32m[+][0m Flashing boot image (6.6 kernel + appended DTB)...
Capstone library is missing (optional).
Keystone library is missing (optional).
Qualcomm Sahara / Firehose Client V3.62 (c) B.Kerler 2018-2025.
main - Trying with no loader given ...
main - Waiting for the device
main - Device detected :)
DeviceClass
DeviceClass - [LIB]: [31mUSB Overflow[0m
main - Mode detected: error
Connection detected, quiting.
[0;32m[+][0m Flashing Debian rootfs (this takes 2-5 minutes)...
Capstone library is missing (optional).
Keystone library is missing (optional).
Qualcomm Sahara / Firehose Client V3.62 (c) B.Kerler 2018-2025.
main - Trying with no loader given ...
main - Waiting for the device
main - Device detected :)
DeviceClass
DeviceClass - [LIB]: [31mUSB Overflow[0m
main - Mode detected: error
Connection detected, quiting.
[0;32m[+][0m Restoring modem calibration from: /home/user/git/USB-Dongle-OpenStick/flash/../backup/autosave_20260414_124928
[0;32m[+][0m   Writing sec...
Capstone library is missing (optional).
Keystone library is missing (optional).
Qualcomm Sahara / Firehose Client V3.62 (c) B.Kerler 2018-2025.
main - Trying with no loader given ...
main - Waiting for the device
main - Device detected :)
DeviceClass
DeviceClass - [LIB]: [31mUSB Overflow[0m
main - Mode detected: error
Connection detected, quiting.
[0;32m[+][0m   Writing fsc...
Capstone library is missing (optional).
Keystone library is missing (optional).
Qualcomm Sahara / Firehose Client V3.62 (c) B.Kerler 2018-2025.
main - Trying with no loader given ...
main - Waiting for the device
main - Device detected :)
DeviceClass
DeviceClass - [LIB]: [31mUSB Overflow[0m
main - Mode detected: error
Connection detected, quiting.
[0;32m[+][0m   Writing fsg...
Capstone library is missing (optional).
Keystone library is missing (optional).
Qualcomm Sahara / Firehose Client V3.62 (c) B.Kerler 2018-2025.
main - Trying with no loader given ...
main - Waiting for the device
main - Device detected :)
DeviceClass
DeviceClass - [LIB]: [31mUSB Overflow[0m
main - Mode detected: error
Connection detected, quiting.
[0;32m[+][0m   Writing modemst1...
Capstone library is missing (optional).
Keystone library is missing (optional).
Qualcomm Sahara / Firehose Client V3.62 (c) B.Kerler 2018-2025.
main - Trying with no loader given ...
main - Waiting for the device
main - Device detected :)
DeviceClass
DeviceClass - [LIB]: [31mUSB Overflow[0m
main - Mode detected: error
Connection detected, quiting.
[0;32m[+][0m   Writing modemst2...
Capstone library is missing (optional).
Keystone library is missing (optional).
Qualcomm Sahara / Firehose Client V3.62 (c) B.Kerler 2018-2025.
main - Trying with no loader given ...
main - Waiting for the device
main - Device detected :)
DeviceClass
DeviceClass - [LIB]: [31mUSB Overflow[0m
main - Mode detected: error
Connection detected, quiting.
[0;32m[+][0m Modem calibration restored.
[0;32m[+][0m Resetting device...
DeviceClass - USBError(5, 'Input/Output Error')
[0;32m[+][0m Waiting for device to boot (45s)...
[1;33m[!][0m RNDIS gadget not detected after 45s.

[1;33m[!][0m The dongle sometimes stays in EDL mode after flashing.
[1;33m[!][0m To fix this:
[1;33m[!][0m   1. Unplug the dongle from USB
[1;33m[!][0m   2. Wait 3 seconds
[1;33m[!][0m   3. Plug it back in (do NOT hold the reset button)

[0;32m[+][0m Press Enter after re-plugging the dongle...