[0;32m[+][0m Logging to: /home/user/git/USB-Dongle-OpenStick/flash/../logs/flash_uz801_20260416_122054.log
[0;32m[+][0m === Step 1: Detect dongle ===
[0;32m[+][0m Dongle in Stock Android mode
[0;32m[+][0m === Step 2: Stock Android → ADB → Backup ===
[0;32m[+][0m   Waiting for dongle web interface...
[0;32m[+][0m   Web interface: http://192.168.100.1
[0;32m[+][0m   IMEI: 860018046136249
[0;32m[+][0m   Firmware: UZ801-V2.3.15.1
[0;32m[+][0m   Enabling ADB via /usbdebug.html (funcNo:2001)...
[0;32m[+][0m   Waiting for ADB...
[1;33m[!][0m ADB not detected after enable. Waiting 10s...
[0;32m[+][0m   ADB connected.
[0;32m[+][0m   Backing up to: /home/user/git/USB-Dongle-OpenStick/flash/../backup/stock_uz801_860018046136249_20260416
[0;32m[+][0m   Partition backups will be done via EDL (more reliable than ADB)
[0;32m[+][0m   Backing up modem firmware files...
[1;33m[!][0m     modem_pr: hash mismatch
[1;33m[!][0m   Modem firmware: 57 files (1 hash errors)
[0;32m[+][0m   Backup complete: 5 partitions + 57 firmware files
[0;32m[+][0m   Restore with: bash flash-uz801.sh --restore /home/user/git/USB-Dongle-OpenStick/flash/../backup/stock_uz801_860018046136249_20260416
[0;32m[+][0m   Rebooting to EDL...
[0;32m[+][0m Waiting for EDL device (05c6:9008)...
[0;32m[+][0m EDL device detected.
[0;32m[+][0m === Step 4: Read disk geometry ===
[0;32m[+][0m   Disk: 3728 MB (7634944 sectors)
[0;32m[+][0m === Step 5: EDL Backup (NV storage) ===
[0;32m[+][0m   Reading sec via EDL...
[0;32m[+][0m     sec: 16K (verified ✓)
[0;32m[+][0m   Reading fsc via EDL...
[0;32m[+][0m     fsc: 4.0K (verified ✓)
[0;32m[+][0m   Reading fsg via EDL...
[0;32m[+][0m     fsg: 1.5M (verified ✓)
[0;32m[+][0m   Reading modemst1 via EDL...
[0;32m[+][0m     modemst1: 1.5M (verified ✓)
[0;32m[+][0m   Reading modemst2 via EDL...
[0;32m[+][0m     modemst2: 1.5M (verified ✓)
[0;32m[+][0m   NV backup complete: 5/5 partitions verified ✓
[0;32m[+][0m   Backing up all stock partitions via EDL...
[0;32m[+][0m     gpt: 20K ✓
    sbl1... 512K ✓
    sbl1bak... 512K ✓
    aboot... 1.0M ✓
    abootbak... 1.0M ✓
    rpm... 512K ✓
    rpmbak... 512K ✓
    tz... 512K ✓
    tzbak... 512K ✓
    hyp... 512K ✓
    hypbak... 512K ✓
    pad... 1.0M ✓
    modem... 64M ✓
    DDR... failed (non-critical)
    splash... failed (non-critical)
    ssd... failed (non-critical)
    misc... failed (non-critical)
    boot... failed (non-critical)
    recovery... failed (non-critical)
    persist... failed (non-critical)
[0;32m[+][0m   Stock backup: 12 partitions saved to /home/user/git/USB-Dongle-OpenStick/flash/../backup/stock_uz801_860018046136249_20260416/stock_partitions
[0;32m[+][0m === Step 6: Generate GPT ===
[0;32m[+][0m   GPT: 15 partitions, rootfs ends at sector 7634910
[0;32m[+][0m   Backup GPT at sector 7634911
[0;32m[+][0m === Step 7: Flash ===
[0;32m[+][0m   Primary GPT...
Connection detected, quiting.
[0;32m[+][0m   Backup GPT...
Connection detected, quiting.
[0;32m[+][0m   Firmware (sbl1, rpm, tz, hyp, cdt)...
Connection detected, quiting.
Connection detected, quiting.
Connection detected, quiting.
Connection detected, quiting.
Connection detected, quiting.
[0;32m[+][0m   Bootloader (lk2nd as aboot)...
Connection detected, quiting.
[0;32m[+][0m   Boot partition (kernel + DTBs)...
Connection detected, quiting.
[0;32m[+][0m   Rootfs (this takes 2-5 minutes)...
Connection detected, quiting.
[0;32m[+][0m   Creating modem firmware partition (57 files)...
firehose_client - [LIB]: [31mError: /tmp/tmp.MWYZ3rCvY3 has 131572 sectors but partition only has 131072.[0m
[0;32m[+][0m   Restoring modem calibration...
Wrote /home/user/git/USB-Dongle-OpenStick/flash/../backup/stock_uz801_860018046136249_20260416/sec.bin to sector 396352.
Wrote /home/user/git/USB-Dongle-OpenStick/flash/../backup/stock_uz801_860018046136249_20260416/fsc.bin to sector 284672.
Wrote /home/user/git/USB-Dongle-OpenStick/flash/../backup/stock_uz801_860018046136249_20260416/fsg.bin to sector 393280.
Wrote /home/user/git/USB-Dongle-OpenStick/flash/../backup/stock_uz801_860018046136249_20260416/modemst1.bin to sector 276480.
Wrote /home/user/git/USB-Dongle-OpenStick/flash/../backup/stock_uz801_860018046136249_20260416/modemst2.bin to sector 279552.
[0;32m[+][0m   Modem restored.
[0;32m[+][0m === Step 8: Boot ===
DeviceClass - USBError(5, 'Input/Output Error')
[0;32m[+][0m Waiting for device to boot (90s)...
[1;33m[!][0m Device not detected after 90s.

[1;33m[!][0m Try:
[1;33m[!][0m   1. Unplug and re-plug the dongle (without reset pin)
[1;33m[!][0m   2. If it shows as fastboot (18d1:d00d): adjust DTB in extlinux.conf
[1;33m[!][0m   3. If nothing: restore backup with: bash flash-uz801.sh --restore /home/user/git/USB-Dongle-OpenStick/flash/../backup/stock_uz801_860018046136249_20260416

[0;32m[+][0m ═══════════════════════════════════════
[0;32m[+][0m   Flash complete!
[0;32m[+][0m   IMEI:    860018046136249
[0;32m[+][0m   Rootfs:  /home/user/git/USB-Dongle-OpenStick/flash/files/rootfs.raw
[0;32m[+][0m   Backup:  /home/user/git/USB-Dongle-OpenStick/flash/../backup/stock_uz801_860018046136249_20260416
[0;32m[+][0m   Log:     /home/user/git/USB-Dongle-OpenStick/flash/../logs/flash_uz801_20260416_122054.log
[0;32m[+][0m ═══════════════════════════════════════
